#
# There is insufficient memory for the Java Runtime Environment to continue.
# Native memory allocation (malloc) failed to allocate 109616 bytes for Chunk::new
# Possible reasons:
#   The system is out of physical RAM or swap space
#   The process is running with CompressedOops enabled, and the Java Heap may be blocking the growth of the native heap
# Possible solutions:
#   Reduce memory load on the system
#   Increase physical memory or swap space
#   Check if swap backing store is full
#   Decrease Java heap size (-Xmx/-Xms)
#   Decrease number of Java threads
#   Decrease Java thread stack sizes (-Xss)
#   Set larger code cache with -XX:ReservedCodeCacheSize=
#   JVM is running with Unscaled Compressed Oops mode in which the Java heap is
#     placed in the first 4GB address space. The Java Heap base address is the
#     maximum limit for the native heap growth. Please use -XX:HeapBaseMinAddress
#     to set the Java Heap base and to place the Java Heap above 4GB virtual address.
# This output file may be truncated or incomplete.
#
#  Out of Memory Error (t:/workspace/open/src/hotspot/share/memory/arena.cpp:197), pid=32792, tid=17948
#
# JRE version: Java(TM) SE Runtime Environment (12.0.1+12) (build 12.0.1+12)
# Java VM: Java HotSpot(TM) 64-Bit Server VM (12.0.1+12, mixed mode, sharing, tiered, compressed oops, g1 gc, windows-amd64)
# No core dump will be written. Minidumps are not enabled by default on client versions of Windows
#

---------------  S U M M A R Y ------------

Command Line: -Dfile.encoding=GBK GUI.Game

Host: Intel(R) Core(TM) i5-7200U CPU @ 2.50GHz, 4 cores, 7G,  Windows 10 , 64 bit Build 18362 (10.0.18362.329)
Time: Tue Feb 11 15:57:17 2020 ?D1¨²¡À¨º¡Á?¨º¡À?? elapsed time: 215 seconds (0d 0h 3m 35s)

---------------  T H R E A D  ---------------

Current thread (0x0000015a75eb2800):  JavaThread "C2 CompilerThread0" daemon [_thread_in_native, id=17948, stack(0x0000004182e00000,0x0000004182f00000)]


Current CompileTask:
C2: 215647 1135   !   4       sun.awt.AppContext::get (123 bytes)

Stack: [0x0000004182e00000,0x0000004182f00000]
Native frames: (J=compiled Java code, j=interpreted, Vv=VM code, C=native code)
V  [jvm.dll+0x63948a]
V  [jvm.dll+0x78b31f]
V  [jvm.dll+0x78c9c1]
V  [jvm.dll+0x78d013]
V  [jvm.dll+0x262138]
V  [jvm.dll+0xc582c]
V  [jvm.dll+0xc5dac]
V  [jvm.dll+0x2d3854]
V  [jvm.dll+0x55596d]
V  [jvm.dll+0x21d7fc]
V  [jvm.dll+0x21b0e6]
V  [jvm.dll+0x199890]
V  [jvm.dll+0x22a534]
V  [jvm.dll+0x228b88]
V  [jvm.dll+0x74f660]
V  [jvm.dll+0x748648]
V  [jvm.dll+0x638566]
C  [ucrtbase.dll+0x20e72]
C  [KERNEL32.DLL+0x17bd4]
C  [ntdll.dll+0x6ced1]


---------------  P R O C E S S  ---------------

Threads class SMR info:
_java_thread_list=0x0000015a771d8010, length=15, elements={
0x0000015a75e8f000, 0x0000015a75e91800, 0x0000015a75eb0000, 0x0000015a75eb0800,
0x0000015a75eb2800, 0x0000015a75ebe000, 0x0000015a75ec3800, 0x0000015a76858800,
0x0000015a76870800, 0x0000015a76a9c800, 0x0000015a76acc800, 0x0000015a76ad4000,
0x0000015a76b54800, 0x0000015a77213000, 0x0000015a55b46000
}

Java Threads: ( => current thread )
  0x0000015a75e8f000 JavaThread "Reference Handler" daemon [_thread_blocked, id=20264, stack(0x0000004182a00000,0x0000004182b00000)]
  0x0000015a75e91800 JavaThread "Finalizer" daemon [_thread_blocked, id=41988, stack(0x0000004182b00000,0x0000004182c00000)]
  0x0000015a75eb0000 JavaThread "Signal Dispatcher" daemon [_thread_blocked, id=42704, stack(0x0000004182c00000,0x0000004182d00000)]
  0x0000015a75eb0800 JavaThread "Attach Listener" daemon [_thread_blocked, id=39740, stack(0x0000004182d00000,0x0000004182e00000)]
=>0x0000015a75eb2800 JavaThread "C2 CompilerThread0" daemon [_thread_in_native, id=17948, stack(0x0000004182e00000,0x0000004182f00000)]
  0x0000015a75ebe000 JavaThread "C1 CompilerThread0" daemon [_thread_blocked, id=42716, stack(0x0000004182f00000,0x0000004183000000)]
  0x0000015a75ec3800 JavaThread "Sweeper thread" daemon [_thread_blocked, id=20828, stack(0x0000004183000000,0x0000004183100000)]
  0x0000015a76858800 JavaThread "Service Thread" daemon [_thread_blocked, id=28840, stack(0x0000004183100000,0x0000004183200000)]
  0x0000015a76870800 JavaThread "Common-Cleaner" daemon [_thread_blocked, id=41472, stack(0x0000004183300000,0x0000004183400000)]
  0x0000015a76a9c800 JavaThread "Java2D Disposer" daemon [_thread_blocked, id=35116, stack(0x0000004183400000,0x0000004183500000)]
  0x0000015a76acc800 JavaThread "AWT-Shutdown" [_thread_blocked, id=41292, stack(0x0000004183500000,0x0000004183600000)]
  0x0000015a76ad4000 JavaThread "AWT-Windows" daemon [_thread_in_native, id=37072, stack(0x0000004183600000,0x0000004183700000)]
  0x0000015a76b54800 JavaThread "AWT-EventQueue-0" [_thread_blocked, id=42668, stack(0x0000004183700000,0x0000004183800000)]
  0x0000015a77213000 JavaThread "Thread-0" [_thread_blocked, id=3568, stack(0x0000004183800000,0x0000004183900000)]
  0x0000015a55b46000 JavaThread "DestroyJavaVM" [_thread_blocked, id=40864, stack(0x0000004182300000,0x0000004182400000)]

Other Threads:
  0x0000015a75e8b000 VMThread "VM Thread" [stack: 0x0000004182900000,0x0000004182a00000] [id=41552]
  0x0000015a7686f800 WatcherThread [stack: 0x0000004183200000,0x0000004183300000] [id=36684]
  0x0000015a55b85000 GCTaskThread "GC Thread#0" [stack: 0x0000004182400000,0x0000004182500000] [id=37260]
  0x0000015a77478800 GCTaskThread "GC Thread#1" [stack: 0x0000004183900000,0x0000004183a00000] [id=17448]
  0x0000015a77475000 GCTaskThread "GC Thread#2" [stack: 0x0000004183a00000,0x0000004183b00000] [id=39576]
  0x0000015a77474000 GCTaskThread "GC Thread#3" [stack: 0x0000004183b00000,0x0000004183c00000] [id=39884]
  0x0000015a55b93800 ConcurrentGCThread "G1 Main Marker" [stack: 0x0000004182500000,0x0000004182600000] [id=41732]
  0x0000015a55b96000 ConcurrentGCThread "G1 Conc#0" [stack: 0x0000004182600000,0x0000004182700000] [id=41144]
  0x0000015a75d10800 ConcurrentGCThread "G1 Refine#0" [stack: 0x0000004182700000,0x0000004182800000] [id=31036]
  0x0000015a75d11000 ConcurrentGCThread "G1 Young RemSet Sampling" [stack: 0x0000004182800000,0x0000004182900000] [id=33944]

Threads with active compile tasks:
C2 CompilerThread0  1135   !   4       sun.awt.AppContext::get (123 bytes)

VM state:not at safepoint (normal execution)

VM Mutex/Monitor currently owned by a thread: None

Heap address: 0x0000000081800000, size: 2024 MB, Compressed Oops mode: 32-bit
Narrow klass base: 0x0000000800000000, Narrow klass shift: 3
Compressed class space size: 1073741824 Address: 0x00000008011a0000

Heap:
 garbage-first heap   total 131072K, used 26714K [0x0000000081800000, 0x0000000100000000)
  region size 1024K, 25 young (25600K), 3 survivors (3072K)
 Metaspace       used 6761K, capacity 7074K, committed 7296K, reserved 1056768K
  class space    used 720K, capacity 874K, committed 896K, reserved 1048576K
Heap Regions: E=young(eden), S=young(survivor), O=old, HS=humongous(starts), HC=humongous(continues), CS=collection set, F=free, A=archive, TAMS=top-at-mark-start (previous, next)
|   0|0x0000000081800000, 0x0000000081900000, 0x0000000081900000|100%|HS|  |TAMS 0x0000000081800000, 0x0000000081800000| Complete 
|   1|0x0000000081900000, 0x0000000081a00000, 0x0000000081a00000|100%|HC|  |TAMS 0x0000000081900000, 0x0000000081900000| Complete 
|   2|0x0000000081a00000, 0x0000000081b00000, 0x0000000081b00000|100%|HC|  |TAMS 0x0000000081a00000, 0x0000000081a00000| Complete 
|   3|0x0000000081b00000, 0x0000000081b00000, 0x0000000081c00000|  0%| F|  |TAMS 0x0000000081b00000, 0x0000000081b00000| Untracked 
|   4|0x0000000081c00000, 0x0000000081c00000, 0x0000000081d00000|  0%| F|  |TAMS 0x0000000081c00000, 0x0000000081c00000| Untracked 
|   5|0x0000000081d00000, 0x0000000081d00000, 0x0000000081e00000|  0%| F|  |TAMS 0x0000000081d00000, 0x0000000081d00000| Untracked 
|   6|0x0000000081e00000, 0x0000000081e00000, 0x0000000081f00000|  0%| F|  |TAMS 0x0000000081e00000, 0x0000000081e00000| Untracked 
|   7|0x0000000081f00000, 0x0000000081f00000, 0x0000000082000000|  0%| F|  |TAMS 0x0000000081f00000, 0x0000000081f00000| Untracked 
|   8|0x0000000082000000, 0x0000000082000000, 0x0000000082100000|  0%| F|  |TAMS 0x0000000082000000, 0x0000000082000000| Untracked 
|   9|0x0000000082100000, 0x0000000082100000, 0x0000000082200000|  0%| F|  |TAMS 0x0000000082100000, 0x0000000082100000| Untracked 
|  10|0x0000000082200000, 0x0000000082200000, 0x0000000082300000|  0%| F|  |TAMS 0x0000000082200000, 0x0000000082200000| Untracked 
|  11|0x0000000082300000, 0x0000000082300000, 0x0000000082400000|  0%| F|  |TAMS 0x0000000082300000, 0x0000000082300000| Untracked 
|  12|0x0000000082400000, 0x0000000082400000, 0x0000000082500000|  0%| F|  |TAMS 0x0000000082400000, 0x0000000082400000| Untracked 
|  13|0x0000000082500000, 0x0000000082500000, 0x0000000082600000|  0%| F|  |TAMS 0x0000000082500000, 0x0000000082500000| Untracked 
|  14|0x0000000082600000, 0x0000000082600000, 0x0000000082700000|  0%| F|  |TAMS 0x0000000082600000, 0x0000000082600000| Untracked 
|  15|0x0000000082700000, 0x0000000082700000, 0x0000000082800000|  0%| F|  |TAMS 0x0000000082700000, 0x0000000082700000| Untracked 
|  16|0x0000000082800000, 0x0000000082800000, 0x0000000082900000|  0%| F|  |TAMS 0x0000000082800000, 0x0000000082800000| Untracked 
|  17|0x0000000082900000, 0x0000000082900000, 0x0000000082a00000|  0%| F|  |TAMS 0x0000000082900000, 0x0000000082900000| Untracked 
|  18|0x0000000082a00000, 0x0000000082a00000, 0x0000000082b00000|  0%| F|  |TAMS 0x0000000082a00000, 0x0000000082a00000| Untracked 
|  19|0x0000000082b00000, 0x0000000082b00000, 0x0000000082c00000|  0%| F|  |TAMS 0x0000000082b00000, 0x0000000082b00000| Untracked 
|  20|0x0000000082c00000, 0x0000000082c00000, 0x0000000082d00000|  0%| F|  |TAMS 0x0000000082c00000, 0x0000000082c00000| Untracked 
|  21|0x0000000082d00000, 0x0000000082d00000, 0x0000000082e00000|  0%| F|  |TAMS 0x0000000082d00000, 0x0000000082d00000| Untracked 
|  22|0x0000000082e00000, 0x0000000082e00000, 0x0000000082f00000|  0%| F|  |TAMS 0x0000000082e00000, 0x0000000082e00000| Untracked 
|  23|0x0000000082f00000, 0x0000000082f00000, 0x0000000083000000|  0%| F|  |TAMS 0x0000000082f00000, 0x0000000082f00000| Untracked 
|  24|0x0000000083000000, 0x0000000083000000, 0x0000000083100000|  0%| F|  |TAMS 0x0000000083000000, 0x0000000083000000| Untracked 
|  25|0x0000000083100000, 0x0000000083100000, 0x0000000083200000|  0%| F|  |TAMS 0x0000000083100000, 0x0000000083100000| Untracked 
|  26|0x0000000083200000, 0x0000000083200000, 0x0000000083300000|  0%| F|  |TAMS 0x0000000083200000, 0x0000000083200000| Untracked 
|  27|0x0000000083300000, 0x0000000083300000, 0x0000000083400000|  0%| F|  |TAMS 0x0000000083300000, 0x0000000083300000| Untracked 
|  28|0x0000000083400000, 0x0000000083400000, 0x0000000083500000|  0%| F|  |TAMS 0x0000000083400000, 0x0000000083400000| Untracked 
|  29|0x0000000083500000, 0x0000000083500000, 0x0000000083600000|  0%| F|  |TAMS 0x0000000083500000, 0x0000000083500000| Untracked 
|  30|0x0000000083600000, 0x0000000083600000, 0x0000000083700000|  0%| F|  |TAMS 0x0000000083600000, 0x0000000083600000| Untracked 
|  31|0x0000000083700000, 0x0000000083700000, 0x0000000083800000|  0%| F|  |TAMS 0x0000000083700000, 0x0000000083700000| Untracked 
|  32|0x0000000083800000, 0x0000000083800000, 0x0000000083900000|  0%| F|  |TAMS 0x0000000083800000, 0x0000000083800000| Untracked 
|  33|0x0000000083900000, 0x0000000083900000, 0x0000000083a00000|  0%| F|  |TAMS 0x0000000083900000, 0x0000000083900000| Untracked 
|  34|0x0000000083a00000, 0x0000000083a00000, 0x0000000083b00000|  0%| F|  |TAMS 0x0000000083a00000, 0x0000000083a00000| Untracked 
|  35|0x0000000083b00000, 0x0000000083b00000, 0x0000000083c00000|  0%| F|  |TAMS 0x0000000083b00000, 0x0000000083b00000| Untracked 
|  36|0x0000000083c00000, 0x0000000083c00000, 0x0000000083d00000|  0%| F|  |TAMS 0x0000000083c00000, 0x0000000083c00000| Untracked 
|  37|0x0000000083d00000, 0x0000000083d00000, 0x0000000083e00000|  0%| F|  |TAMS 0x0000000083d00000, 0x0000000083d00000| Untracked 
|  38|0x0000000083e00000, 0x0000000083e00000, 0x0000000083f00000|  0%| F|  |TAMS 0x0000000083e00000, 0x0000000083e00000| Untracked 
|  39|0x0000000083f00000, 0x0000000083f00000, 0x0000000084000000|  0%| F|  |TAMS 0x0000000083f00000, 0x0000000083f00000| Untracked 
|  40|0x0000000084000000, 0x0000000084000000, 0x0000000084100000|  0%| F|  |TAMS 0x0000000084000000, 0x0000000084000000| Untracked 
|  41|0x0000000084100000, 0x0000000084100000, 0x0000000084200000|  0%| F|  |TAMS 0x0000000084100000, 0x0000000084100000| Untracked 
|  42|0x0000000084200000, 0x0000000084200000, 0x0000000084300000|  0%| F|  |TAMS 0x0000000084200000, 0x0000000084200000| Untracked 
|  43|0x0000000084300000, 0x0000000084300000, 0x0000000084400000|  0%| F|  |TAMS 0x0000000084300000, 0x0000000084300000| Untracked 
|  44|0x0000000084400000, 0x0000000084400000, 0x0000000084500000|  0%| F|  |TAMS 0x0000000084400000, 0x0000000084400000| Untracked 
|  45|0x0000000084500000, 0x0000000084500000, 0x0000000084600000|  0%| F|  |TAMS 0x0000000084500000, 0x0000000084500000| Untracked 
|  46|0x0000000084600000, 0x0000000084600000, 0x0000000084700000|  0%| F|  |TAMS 0x0000000084600000, 0x0000000084600000| Untracked 
|  47|0x0000000084700000, 0x0000000084700000, 0x0000000084800000|  0%| F|  |TAMS 0x0000000084700000, 0x0000000084700000| Untracked 
|  48|0x0000000084800000, 0x0000000084800000, 0x0000000084900000|  0%| F|  |TAMS 0x0000000084800000, 0x0000000084800000| Untracked 
|  49|0x0000000084900000, 0x0000000084916858, 0x0000000084a00000|  8%| S|CS|TAMS 0x0000000084900000, 0x0000000084900000| Complete 
|  50|0x0000000084a00000, 0x0000000084b00000, 0x0000000084b00000|100%| S|CS|TAMS 0x0000000084a00000, 0x0000000084a00000| Complete 
|  51|0x0000000084b00000, 0x0000000084c00000, 0x0000000084c00000|100%| S|CS|TAMS 0x0000000084b00000, 0x0000000084b00000| Complete 
|  52|0x0000000084c00000, 0x0000000084c00000, 0x0000000084d00000|  0%| F|  |TAMS 0x0000000084c00000, 0x0000000084c00000| Untracked 
|  53|0x0000000084d00000, 0x0000000084d00000, 0x0000000084e00000|  0%| F|  |TAMS 0x0000000084d00000, 0x0000000084d00000| Untracked 
|  54|0x0000000084e00000, 0x0000000084e00000, 0x0000000084f00000|  0%| F|  |TAMS 0x0000000084e00000, 0x0000000084e00000| Untracked 
|  55|0x0000000084f00000, 0x0000000084f00000, 0x0000000085000000|  0%| F|  |TAMS 0x0000000084f00000, 0x0000000084f00000| Untracked 
|  56|0x0000000085000000, 0x0000000085000000, 0x0000000085100000|  0%| F|  |TAMS 0x0000000085000000, 0x0000000085000000| Untracked 
|  57|0x0000000085100000, 0x0000000085100000, 0x0000000085200000|  0%| F|  |TAMS 0x0000000085100000, 0x0000000085100000| Untracked 
|  58|0x0000000085200000, 0x0000000085200000, 0x0000000085300000|  0%| F|  |TAMS 0x0000000085200000, 0x0000000085200000| Untracked 
|  59|0x0000000085300000, 0x0000000085300000, 0x0000000085400000|  0%| F|  |TAMS 0x0000000085300000, 0x0000000085300000| Untracked 
|  60|0x0000000085400000, 0x0000000085400000, 0x0000000085500000|  0%| F|  |TAMS 0x0000000085400000, 0x0000000085400000| Untracked 
|  61|0x0000000085500000, 0x0000000085500000, 0x0000000085600000|  0%| F|  |TAMS 0x0000000085500000, 0x0000000085500000| Untracked 
|  62|0x0000000085600000, 0x0000000085600000, 0x0000000085700000|  0%| F|  |TAMS 0x0000000085600000, 0x0000000085600000| Untracked 
|  63|0x0000000085700000, 0x0000000085700000, 0x0000000085800000|  0%| F|  |TAMS 0x0000000085700000, 0x0000000085700000| Untracked 
|  64|0x0000000085800000, 0x0000000085800000, 0x0000000085900000|  0%| F|  |TAMS 0x0000000085800000, 0x0000000085800000| Untracked 
|  65|0x0000000085900000, 0x0000000085900000, 0x0000000085a00000|  0%| F|  |TAMS 0x0000000085900000, 0x0000000085900000| Untracked 
|  66|0x0000000085a00000, 0x0000000085a00000, 0x0000000085b00000|  0%| F|  |TAMS 0x0000000085a00000, 0x0000000085a00000| Untracked 
|  67|0x0000000085b00000, 0x0000000085b00000, 0x0000000085c00000|  0%| F|  |TAMS 0x0000000085b00000, 0x0000000085b00000| Untracked 
|  68|0x0000000085c00000, 0x0000000085c00000, 0x0000000085d00000|  0%| F|  |TAMS 0x0000000085c00000, 0x0000000085c00000| Untracked 
|  69|0x0000000085d00000, 0x0000000085d00000, 0x0000000085e00000|  0%| F|  |TAMS 0x0000000085d00000, 0x0000000085d00000| Untracked 
|  70|0x0000000085e00000, 0x0000000085e00000, 0x0000000085f00000|  0%| F|  |TAMS 0x0000000085e00000, 0x0000000085e00000| Untracked 
|  71|0x0000000085f00000, 0x0000000085f00000, 0x0000000086000000|  0%| F|  |TAMS 0x0000000085f00000, 0x0000000085f00000| Untracked 
|  72|0x0000000086000000, 0x0000000086000000, 0x0000000086100000|  0%| F|  |TAMS 0x0000000086000000, 0x0000000086000000| Untracked 
|  73|0x0000000086100000, 0x0000000086100000, 0x0000000086200000|  0%| F|  |TAMS 0x0000000086100000, 0x0000000086100000| Untracked 
|  74|0x0000000086200000, 0x0000000086200000, 0x0000000086300000|  0%| F|  |TAMS 0x0000000086200000, 0x0000000086200000| Untracked 
|  75|0x0000000086300000, 0x0000000086300000, 0x0000000086400000|  0%| F|  |TAMS 0x0000000086300000, 0x0000000086300000| Untracked 
|  76|0x0000000086400000, 0x0000000086400000, 0x0000000086500000|  0%| F|  |TAMS 0x0000000086400000, 0x0000000086400000| Untracked 
|  77|0x0000000086500000, 0x0000000086500000, 0x0000000086600000|  0%| F|  |TAMS 0x0000000086500000, 0x0000000086500000| Untracked 
|  78|0x0000000086600000, 0x0000000086600000, 0x0000000086700000|  0%| F|  |TAMS 0x0000000086600000, 0x0000000086600000| Untracked 
|  79|0x0000000086700000, 0x0000000086700000, 0x0000000086800000|  0%| F|  |TAMS 0x0000000086700000, 0x0000000086700000| Untracked 
|  80|0x0000000086800000, 0x0000000086800000, 0x0000000086900000|  0%| F|  |TAMS 0x0000000086800000, 0x0000000086800000| Untracked 
|  81|0x0000000086900000, 0x0000000086900000, 0x0000000086a00000|  0%| F|  |TAMS 0x0000000086900000, 0x0000000086900000| Untracked 
|  82|0x0000000086a00000, 0x0000000086a00000, 0x0000000086b00000|  0%| F|  |TAMS 0x0000000086a00000, 0x0000000086a00000| Untracked 
|  83|0x0000000086b00000, 0x0000000086b00000, 0x0000000086c00000|  0%| F|  |TAMS 0x0000000086b00000, 0x0000000086b00000| Untracked 
|  84|0x0000000086c00000, 0x0000000086c00000, 0x0000000086d00000|  0%| F|  |TAMS 0x0000000086c00000, 0x0000000086c00000| Untracked 
|  85|0x0000000086d00000, 0x0000000086d00000, 0x0000000086e00000|  0%| F|  |TAMS 0x0000000086d00000, 0x0000000086d00000| Untracked 
|  86|0x0000000086e00000, 0x0000000086e00000, 0x0000000086f00000|  0%| F|  |TAMS 0x0000000086e00000, 0x0000000086e00000| Untracked 
|  87|0x0000000086f00000, 0x0000000086f00000, 0x0000000087000000|  0%| F|  |TAMS 0x0000000086f00000, 0x0000000086f00000| Untracked 
|  88|0x0000000087000000, 0x0000000087000000, 0x0000000087100000|  0%| F|  |TAMS 0x0000000087000000, 0x0000000087000000| Untracked 
|  89|0x0000000087100000, 0x0000000087100000, 0x0000000087200000|  0%| F|  |TAMS 0x0000000087100000, 0x0000000087100000| Untracked 
|  90|0x0000000087200000, 0x0000000087200000, 0x0000000087300000|  0%| F|  |TAMS 0x0000000087200000, 0x0000000087200000| Untracked 
|  91|0x0000000087300000, 0x0000000087300000, 0x0000000087400000|  0%| F|  |TAMS 0x0000000087300000, 0x0000000087300000| Untracked 
|  92|0x0000000087400000, 0x0000000087400000, 0x0000000087500000|  0%| F|  |TAMS 0x0000000087400000, 0x0000000087400000| Untracked 
|  93|0x0000000087500000, 0x0000000087500000, 0x0000000087600000|  0%| F|  |TAMS 0x0000000087500000, 0x0000000087500000| Untracked 
|  94|0x0000000087600000, 0x0000000087600000, 0x0000000087700000|  0%| F|  |TAMS 0x0000000087600000, 0x0000000087600000| Untracked 
|  95|0x0000000087700000, 0x0000000087700000, 0x0000000087800000|  0%| F|  |TAMS 0x0000000087700000, 0x0000000087700000| Untracked 
|  96|0x0000000087800000, 0x0000000087800000, 0x0000000087900000|  0%| F|  |TAMS 0x0000000087800000, 0x0000000087800000| Untracked 
|  97|0x0000000087900000, 0x0000000087900000, 0x0000000087a00000|  0%| F|  |TAMS 0x0000000087900000, 0x0000000087900000| Untracked 
|  98|0x0000000087a00000, 0x0000000087a00000, 0x0000000087b00000|  0%| F|  |TAMS 0x0000000087a00000, 0x0000000087a00000| Untracked 
|  99|0x0000000087b00000, 0x0000000087b00000, 0x0000000087c00000|  0%| F|  |TAMS 0x0000000087b00000, 0x0000000087b00000| Untracked 
| 100|0x0000000087c00000, 0x0000000087c00000, 0x0000000087d00000|  0%| F|  |TAMS 0x0000000087c00000, 0x0000000087c00000| Untracked 
| 101|0x0000000087d00000, 0x0000000087d00000, 0x0000000087e00000|  0%| F|  |TAMS 0x0000000087d00000, 0x0000000087d00000| Untracked 
| 102|0x0000000087e00000, 0x0000000087e00000, 0x0000000087f00000|  0%| F|  |TAMS 0x0000000087e00000, 0x0000000087e00000| Untracked 
| 103|0x0000000087f00000, 0x0000000087f00000, 0x0000000088000000|  0%| F|  |TAMS 0x0000000087f00000, 0x0000000087f00000| Untracked 
| 104|0x0000000088000000, 0x0000000088000000, 0x0000000088100000|  0%| F|  |TAMS 0x0000000088000000, 0x0000000088000000| Untracked 
| 105|0x0000000088100000, 0x0000000088100000, 0x0000000088200000|  0%| F|  |TAMS 0x0000000088100000, 0x0000000088100000| Untracked 
| 106|0x0000000088200000, 0x0000000088300000, 0x0000000088300000|100%| E|  |TAMS 0x0000000088200000, 0x0000000088200000| Complete 
| 107|0x0000000088300000, 0x0000000088400000, 0x0000000088400000|100%| E|CS|TAMS 0x0000000088300000, 0x0000000088300000| Complete 
| 108|0x0000000088400000, 0x0000000088500000, 0x0000000088500000|100%| E|CS|TAMS 0x0000000088400000, 0x0000000088400000| Complete 
| 109|0x0000000088500000, 0x0000000088600000, 0x0000000088600000|100%| E|CS|TAMS 0x0000000088500000, 0x0000000088500000| Complete 
| 110|0x0000000088600000, 0x0000000088700000, 0x0000000088700000|100%| E|CS|TAMS 0x0000000088600000, 0x0000000088600000| Complete 
| 111|0x0000000088700000, 0x0000000088800000, 0x0000000088800000|100%| E|CS|TAMS 0x0000000088700000, 0x0000000088700000| Complete 
| 112|0x0000000088800000, 0x0000000088900000, 0x0000000088900000|100%| E|CS|TAMS 0x0000000088800000, 0x0000000088800000| Complete 
| 113|0x0000000088900000, 0x0000000088a00000, 0x0000000088a00000|100%| E|CS|TAMS 0x0000000088900000, 0x0000000088900000| Complete 
| 114|0x0000000088a00000, 0x0000000088b00000, 0x0000000088b00000|100%| E|CS|TAMS 0x0000000088a00000, 0x0000000088a00000| Complete 
| 115|0x0000000088b00000, 0x0000000088c00000, 0x0000000088c00000|100%| E|CS|TAMS 0x0000000088b00000, 0x0000000088b00000| Complete 
| 116|0x0000000088c00000, 0x0000000088d00000, 0x0000000088d00000|100%| E|CS|TAMS 0x0000000088c00000, 0x0000000088c00000| Complete 
| 117|0x0000000088d00000, 0x0000000088e00000, 0x0000000088e00000|100%| E|CS|TAMS 0x0000000088d00000, 0x0000000088d00000| Complete 
| 118|0x0000000088e00000, 0x0000000088f00000, 0x0000000088f00000|100%| E|CS|TAMS 0x0000000088e00000, 0x0000000088e00000| Complete 
| 119|0x0000000088f00000, 0x0000000089000000, 0x0000000089000000|100%| E|CS|TAMS 0x0000000088f00000, 0x0000000088f00000| Complete 
| 120|0x0000000089000000, 0x0000000089100000, 0x0000000089100000|100%| E|CS|TAMS 0x0000000089000000, 0x0000000089000000| Complete 
| 121|0x0000000089100000, 0x0000000089200000, 0x0000000089200000|100%| E|CS|TAMS 0x0000000089100000, 0x0000000089100000| Complete 
| 122|0x0000000089200000, 0x0000000089300000, 0x0000000089300000|100%| E|CS|TAMS 0x0000000089200000, 0x0000000089200000| Complete 
| 123|0x0000000089300000, 0x0000000089400000, 0x0000000089400000|100%| E|CS|TAMS 0x0000000089300000, 0x0000000089300000| Complete 
| 124|0x0000000089400000, 0x0000000089500000, 0x0000000089500000|100%| E|CS|TAMS 0x0000000089400000, 0x0000000089400000| Complete 
| 125|0x0000000089500000, 0x0000000089600000, 0x0000000089600000|100%| E|CS|TAMS 0x0000000089500000, 0x0000000089500000| Complete 
| 126|0x0000000089600000, 0x0000000089700000, 0x0000000089700000|100%| E|CS|TAMS 0x0000000089600000, 0x0000000089600000| Complete 
| 127|0x0000000089700000, 0x0000000089800000, 0x0000000089800000|100%| E|CS|TAMS 0x0000000089700000, 0x0000000089700000| Complete 

Card table byte_map: [0x0000015a6f180000,0x0000015a6f580000] _byte_map_base: 0x0000015a6ed74000

Marking Bits (Prev, Next): (CMBitMap*) 0x0000015a55b86bb8, (CMBitMap*) 0x0000015a55b86bf8
 Prev Bits: [0x0000015a6f980000, 0x0000015a71920000)
 Next Bits: [0x0000015a71920000, 0x0000015a738c0000)

Polling page: 0x0000015a559f0000

Metaspace:

Usage:
  Non-class:      6.05 MB capacity,     5.90 MB ( 97%) used,   135.20 KB (  2%) free+waste,    23.75 KB ( <1%) overhead. 
      Class:    874.00 KB capacity,   720.31 KB ( 82%) used,   138.81 KB ( 16%) free+waste,    14.88 KB (  2%) overhead. 
       Both:      6.91 MB capacity,     6.60 MB ( 96%) used,   274.02 KB (  4%) free+waste,    38.63 KB ( <1%) overhead. 

Virtual space:
  Non-class space:        8.00 MB reserved,       6.25 MB ( 78%) committed 
      Class space:        1.00 GB reserved,     896.00 KB ( <1%) committed 
             Both:        1.01 GB reserved,       7.13 MB ( <1%) committed 

Chunk freelists:
   Non-Class:  1.00 KB
       Class:  2.75 KB
        Both:  3.75 KB

CodeHeap 'non-profiled nmethods': size=120064Kb used=612Kb max_used=612Kb free=119451Kb
 bounds [0x0000015a67220000, 0x0000015a67490000, 0x0000015a6e760000]
CodeHeap 'profiled nmethods': size=120000Kb used=2324Kb max_used=2324Kb free=117675Kb
 bounds [0x0000015a5fcf0000, 0x0000015a5ff60000, 0x0000015a67220000]
CodeHeap 'non-nmethods': size=5696Kb used=1191Kb max_used=1223Kb free=4504Kb
 bounds [0x0000015a5f760000, 0x0000015a5f9d0000, 0x0000015a5fcf0000]
 total_blobs=1874 nmethods=1134 adapters=447
 compilation: enabled
              stopped_count=0, restarted_count=0
 full_count=0

Compilation events (10 events):
Event: 59.427 Thread 0x0000015a75ebe000 nmethod 1130 0x0000015a5ff32410 code [0x0000015a5ff32680, 0x0000015a5ff333d0]
Event: 59.626 Thread 0x0000015a75ebe000 1131       3       java.awt.Component::getCursor_NoClientCode (30 bytes)
Event: 59.627 Thread 0x0000015a75ebe000 nmethod 1131 0x0000015a5ff33710 code [0x0000015a5ff33900, 0x0000015a5ff33cb0]
Event: 60.091 Thread 0x0000015a75ebe000 1133  s    3       java.awt.KeyboardFocusManager::getCurrentKeyboardFocusManager (32 bytes)
Event: 60.092 Thread 0x0000015a75ebe000 nmethod 1133 0x0000015a5ff33e10 code [0x0000015a5ff34000, 0x0000015a5ff34570]
Event: 60.092 Thread 0x0000015a75ebe000 1134       3       java.awt.KeyboardFocusManager::getCurrentKeyboardFocusManager (7 bytes)
Event: 60.092 Thread 0x0000015a75ebe000 nmethod 1134 0x0000015a5ff34690 code [0x0000015a5ff348a0, 0x0000015a5ff34ec0]
Event: 60.092 Thread 0x0000015a75ebe000 1132       1       java.beans.PropertyChangeEvent::getNewValue (5 bytes)
Event: 60.092 Thread 0x0000015a75ebe000 nmethod 1132 0x0000015a672b9010 code [0x0000015a672b91c0, 0x0000015a672b92f8]
Event: 214.508 Thread 0x0000015a75eb2800 1135   !   4       sun.awt.AppContext::get (123 bytes)

GC Heap History (4 events):
Event: 4.667 GC heap before
{Heap before GC invocations=0 (full 0):
 garbage-first heap   total 131072K, used 17408K [0x0000000081800000, 0x0000000100000000)
  region size 1024K, 14 young (14336K), 0 survivors (0K)
 Metaspace       used 6425K, capacity 6752K, committed 6784K, reserved 1056768K
  class space    used 719K, capacity 874K, committed 896K, reserved 1048576K
}
Event: 4.671 GC heap after
{Heap after GC invocations=1 (full 0):
 garbage-first heap   total 131072K, used 5049K [0x0000000081800000, 0x0000000100000000)
  region size 1024K, 2 young (2048K), 2 survivors (2048K)
 Metaspace       used 6425K, capacity 6752K, committed 6784K, reserved 1056768K
  class space    used 719K, capacity 874K, committed 896K, reserved 1048576K
}
Event: 46.830 GC heap before
{Heap before GC invocations=1 (full 0):
 garbage-first heap   total 131072K, used 80825K [0x0000000081800000, 0x0000000100000000)
  region size 1024K, 76 young (77824K), 2 survivors (2048K)
 Metaspace       used 6694K, capacity 7010K, committed 7040K, reserved 1056768K
  class space    used 719K, capacity 874K, committed 896K, reserved 1048576K
}
Event: 46.833 GC heap after
{Heap after GC invocations=2 (full 0):
 garbage-first heap   total 131072K, used 5210K [0x0000000081800000, 0x0000000100000000)
  region size 1024K, 3 young (3072K), 3 survivors (3072K)
 Metaspace       used 6694K, capacity 7010K, committed 7040K, reserved 1056768K
  class space    used 719K, capacity 874K, committed 896K, reserved 1048576K
}

Deoptimization events (10 events):
Event: 12.715 Thread 0x0000015a76b54800 Uncommon trap: reason=unstable_if action=reinterpret pc=0x0000015a6726eb30 method=GUI.Person.MTH()V @ 94 c2
Event: 20.862 Thread 0x0000015a76b54800 Uncommon trap: reason=unstable_if action=reinterpret pc=0x0000015a6728230c method=GUI.Person.MTH()V @ 116 c2
Event: 21.064 Thread 0x0000015a76b54800 Uncommon trap: reason=unstable_if action=reinterpret pc=0x0000015a6727d4ec method=GUI.Person.MTH()V @ 116 c2
Event: 21.869 Thread 0x0000015a76b54800 Uncommon trap: reason=unstable_if action=reinterpret pc=0x0000015a6728db18 method=GUI.Person.MTH()V @ 41 c2
Event: 21.970 Thread 0x0000015a76b54800 Uncommon trap: reason=unstable_if action=reinterpret pc=0x0000015a67288548 method=GUI.Person.MTH()V @ 41 c2
Event: 23.176 Thread 0x0000015a76b54800 Uncommon trap: reason=unstable_if action=reinterpret pc=0x0000015a672958b0 method=GUI.City.draw(Ljava/awt/Graphics;)V @ 110 c2
Event: 23.277 Thread 0x0000015a76b54800 Uncommon trap: reason=unstable_if action=reinterpret pc=0x0000015a67292350 method=GUI.City.draw(Ljava/awt/Graphics;)V @ 87 c2
Event: 27.112 Thread 0x0000015a76b54800 Uncommon trap: reason=unstable_if action=reinterpret pc=0x0000015a672a2bec method=GUI.Person.MTH()V @ 8 c2
Event: 27.213 Thread 0x0000015a76b54800 Uncommon trap: reason=unstable_if action=reinterpret pc=0x0000015a6729d694 method=GUI.Person.MTH()V @ 8 c2
Event: 33.144 Thread 0x0000015a76b54800 Uncommon trap: reason=unstable_if action=reinterpret pc=0x0000015a672b1fa4 method=GUI.Bed.draw(Ljava/awt/Graphics;)V @ 46 c2

Classes redefined (0 events):
No events

Internal exceptions (10 events):
Event: 0.200 Thread 0x0000015a55b46000 Exception <a 'java/io/FileNotFoundException'{0x00000000896f0dd8}> (0x00000000896f0dd8) thrown at [t:/workspace/open/src/hotspot/share/prims/jni.cpp, line 615]
Event: 0.264 Thread 0x0000015a76ad4000 Exception <a 'java/lang/NoSuchMethodError'{0x0000000089594d28}: java.lang.invoke.DirectMethodHandle$Holder.invokeSpecial(Ljava/lang/Object;Ljava/lang/Object;)V> (0x0000000089594d28) thrown at [t:/workspace/open/src/hotspot/share/interpreter/linkResolver.c
Event: 0.268 Thread 0x0000015a55b46000 Exception <a 'java/lang/NoSuchMethodError'{0x000000008957b580}: java.lang.invoke.DirectMethodHandle$Holder.invokeStatic(Ljava/lang/Object;Ljava/lang/Object;Ljava/lang/Object;Ljava/lang/Object;Ljava/lang/Object;Ljava/lang/Object;Ljava/lang/Object;J)Ljava/l
Event: 0.308 Thread 0x0000015a55b46000 Exception <a 'java/lang/NoSuchMethodError'{0x0000000089471418}: java.lang.invoke.DirectMethodHandle$Holder.invokeStatic(Ljava/lang/Object;ILjava/lang/Object;Ljava/lang/Object;Ljava/lang/Object;Ljava/lang/Object;)Ljava/lang/Object;> (0x0000000089471418) th
Event: 0.308 Thread 0x0000015a55b46000 Exception <a 'java/lang/NoSuchMethodError'{0x0000000089478038}: java.lang.invoke.DirectMethodHandle$Holder.invokeStatic(Ljava/lang/Object;ILjava/lang/Object;Ljava/lang/Object;Ljava/lang/Object;)Ljava/lang/Object;> (0x0000000089478038) thrown at [t:/worksp
Event: 0.308 Thread 0x0000015a55b46000 Exception <a 'java/lang/NoSuchMethodError'{0x000000008947b890}: java.lang.invoke.DirectMethodHandle$Holder.invokeSpecial(Ljava/lang/Object;Ljava/lang/Object;ILjava/lang/Object;Ljava/lang/Object;Ljava/lang/Object;)Ljava/lang/Object;> (0x000000008947b890) t
Event: 0.331 Thread 0x0000015a55b46000 Exception <a 'java/lang/ClassNotFoundException'{0x000000008933b088}: com/sun/swing/internal/plaf/metal/resources/spi/metalProvider> (0x000000008933b088) thrown at [t:/workspace/open/src/hotspot/share/classfile/systemDictionary.cpp, line 235]
Event: 0.332 Thread 0x0000015a55b46000 Exception <a 'java/lang/ClassNotFoundException'{0x0000000089341b00}: com/sun/swing/internal/plaf/basic/resources/spi/basicProvider> (0x0000000089341b00) thrown at [t:/workspace/open/src/hotspot/share/classfile/systemDictionary.cpp, line 235]
Event: 0.429 Thread 0x0000015a55b46000 Exception <a 'java/lang/NoSuchMethodError'{0x00000000893f6a30}: java.lang.invoke.DirectMethodHandle$Holder.invokeStaticInit(Ljava/lang/Object;)V> (0x00000000893f6a30) thrown at [t:/workspace/open/src/hotspot/share/interpreter/linkResolver.cpp, line 777]
Event: 0.491 Thread 0x0000015a55b46000 Exception <a 'java/lang/NoSuchMethodError'{0x00000000892936a8}: java.lang.invoke.Invokers$Holder.linkToTargetMethod(Ljava/lang/Object;ILjava/lang/Object;)Ljava/lang/Object;> (0x00000000892936a8) thrown at [t:/workspace/open/src/hotspot/share/interpreter/l

Events (10 events):
Event: 44.618 Thread 0x0000015a76b54800 DEOPT PACKING pc=0x0000015a5fe2aa6f sp=0x00000041837fe9a0
Event: 44.618 Thread 0x0000015a76b54800 DEOPT UNPACKING pc=0x0000015a5f7899ce sp=0x00000041837fde30 mode 0
Event: 46.830 Executing VM operation: G1CollectForAllocation
Event: 46.833 Executing VM operation: G1CollectForAllocation done
Event: 60.067 Executing VM operation: RevokeBias
Event: 60.067 Executing VM operation: RevokeBias done
Event: 60.067 loading class java/awt/KeyboardFocusManager$2
Event: 60.067 loading class java/awt/KeyboardFocusManager$2 done
Event: 60.068 loading class sun/awt/SunToolkit$1
Event: 60.068 loading class sun/awt/SunToolkit$1 done


Dynamic libraries:
0x00007ff6d8860000 - 0x00007ff6d886f000 	E:\java\bin\javaw.exe
0x00007ff9faae0000 - 0x00007ff9facd0000 	C:\WINDOWS\SYSTEM32\ntdll.dll
0x00007ff9f9e20000 - 0x00007ff9f9ed2000 	C:\WINDOWS\System32\KERNEL32.DLL
0x00007ff9f7e30000 - 0x00007ff9f80d3000 	C:\WINDOWS\System32\KERNELBASE.dll
0x00007ff9f7cb0000 - 0x00007ff9f7daa000 	C:\WINDOWS\System32\ucrtbase.dll
0x00007ff9eddf0000 - 0x00007ff9ede06000 	E:\java\bin\VCRUNTIME140.dll
0x00007ff9ebf50000 - 0x00007ff9ebf68000 	E:\java\bin\jli.dll
0x00007ff9f9ab0000 - 0x00007ff9f9b53000 	C:\WINDOWS\System32\ADVAPI32.dll
0x00007ff9f9740000 - 0x00007ff9f97de000 	C:\WINDOWS\System32\msvcrt.dll
0x00007ff9f97e0000 - 0x00007ff9f9877000 	C:\WINDOWS\System32\sechost.dll
0x00007ff9f8d00000 - 0x00007ff9f8e20000 	C:\WINDOWS\System32\RPCRT4.dll
0x00007ff9f8b60000 - 0x00007ff9f8cf4000 	C:\WINDOWS\System32\USER32.dll
0x00007ff9f8b30000 - 0x00007ff9f8b51000 	C:\WINDOWS\System32\win32u.dll
0x00007ff9fa920000 - 0x00007ff9fa946000 	C:\WINDOWS\System32\GDI32.dll
0x00007ff9f7b10000 - 0x00007ff9f7ca4000 	C:\WINDOWS\System32\gdi32full.dll
0x00007ff9f80e0000 - 0x00007ff9f817e000 	C:\WINDOWS\System32\msvcp_win.dll
0x00007ff9e72a0000 - 0x00007ff9e7525000 	C:\WINDOWS\WinSxS\amd64_microsoft.windows.common-controls_6595b64144ccf1df_6.0.18362.592_none_e6c0b1911312be02\COMCTL32.dll
0x00007ff9f8f10000 - 0x00007ff9f9246000 	C:\WINDOWS\System32\combase.dll
0x00007ff9f8ab0000 - 0x00007ff9f8b30000 	C:\WINDOWS\System32\bcryptPrimitives.dll
0x00007ff9f1a30000 - 0x00007ff9f1a3a000 	C:\WINDOWS\SYSTEM32\VERSION.dll
0x00007ff9f9df0000 - 0x00007ff9f9e1e000 	C:\WINDOWS\System32\IMM32.DLL
0x00007ff9d2de0000 - 0x00007ff9d2e8a000 	E:\java\bin\msvcp140.dll
0x00007ff9a0c60000 - 0x00007ff9a17d4000 	E:\java\bin\server\jvm.dll
0x00007ff9f8f00000 - 0x00007ff9f8f08000 	C:\WINDOWS\System32\PSAPI.DLL
0x00007ff9e4980000 - 0x00007ff9e4989000 	C:\WINDOWS\SYSTEM32\WSOCK32.dll
0x00007ff9eef50000 - 0x00007ff9eef74000 	C:\WINDOWS\SYSTEM32\WINMM.dll
0x00007ff9f9f90000 - 0x00007ff9f9fff000 	C:\WINDOWS\System32\WS2_32.dll
0x00007ff9eef00000 - 0x00007ff9eef2d000 	C:\WINDOWS\SYSTEM32\winmmbase.dll
0x00007ff9f7db0000 - 0x00007ff9f7dfa000 	C:\WINDOWS\System32\cfgmgr32.dll
0x00007ff9f7a20000 - 0x00007ff9f7a31000 	C:\WINDOWS\System32\kernel.appcore.dll
0x00007ff9db840000 - 0x00007ff9db851000 	E:\java\bin\verify.dll
0x00007ff9f6640000 - 0x00007ff9f6834000 	C:\WINDOWS\SYSTEM32\DBGHELP.DLL
0x00007ff9ef630000 - 0x00007ff9ef65a000 	C:\WINDOWS\SYSTEM32\dbgcore.DLL
0x00007ff9cf6d0000 - 0x00007ff9cf6f6000 	E:\java\bin\java.dll
0x00007ff9d6c20000 - 0x00007ff9d6c37000 	E:\java\bin\zip.dll
0x00007ff9d9ea0000 - 0x00007ff9d9eaa000 	E:\java\bin\jimage.dll
0x00007ff9fa080000 - 0x00007ff9fa765000 	C:\WINDOWS\System32\SHELL32.dll
0x00007ff9fa9c0000 - 0x00007ff9faa69000 	C:\WINDOWS\System32\shcore.dll
0x00007ff9f8330000 - 0x00007ff9f8aaf000 	C:\WINDOWS\System32\windows.storage.dll
0x00007ff9f79b0000 - 0x00007ff9f79cf000 	C:\WINDOWS\System32\profapi.dll
0x00007ff9f79d0000 - 0x00007ff9f7a1a000 	C:\WINDOWS\System32\powrprof.dll
0x00007ff9f7980000 - 0x00007ff9f7990000 	C:\WINDOWS\System32\UMPDC.dll
0x00007ff9f9d90000 - 0x00007ff9f9de2000 	C:\WINDOWS\System32\shlwapi.dll
0x00007ff9f7a40000 - 0x00007ff9f7a57000 	C:\WINDOWS\System32\cryptsp.dll
0x00007ff9c8df0000 - 0x00007ff9c8f8f000 	E:\java\bin\awt.dll
0x00007ff9f98a0000 - 0x00007ff9f9964000 	C:\WINDOWS\System32\OLEAUT32.dll
0x00007ff9f44e0000 - 0x00007ff9f4aa0000 	C:\WINDOWS\SYSTEM32\d2d1.dll
0x00007ff9f5910000 - 0x00007ff9f599f000 	C:\WINDOWS\SYSTEM32\apphelp.dll
0x00007ff9f5fb0000 - 0x00007ff9f5fdd000 	C:\WINDOWS\system32\DWMAPI.DLL
0x00007ff9f5c40000 - 0x00007ff9f5cd9000 	C:\WINDOWS\system32\uxtheme.dll
0x00007ff9d0170000 - 0x00007ff9d02c6000 	C:\WINDOWS\system32\opengl32.dll
0x00007ff9d1a30000 - 0x00007ff9d1a5c000 	C:\WINDOWS\SYSTEM32\GLU32.dll
0x00007ff9f6320000 - 0x00007ff9f6340000 	C:\WINDOWS\SYSTEM32\dxcore.dll
0x00007ff9f9970000 - 0x00007ff9f9aa5000 	C:\WINDOWS\System32\MSCTF.dll
0x00007ff9f9b60000 - 0x00007ff9f9cb6000 	C:\WINDOWS\System32\ole32.dll
0x00007ff9d65e0000 - 0x00007ff9d6660000 	E:\java\bin\freetype.dll
0x00007ff9cda60000 - 0x00007ff9cdacf000 	E:\java\bin\fontmanager.dll
0x00007ff9d0a00000 - 0x00007ff9d0a19000 	E:\java\bin\net.dll
0x00007ff9ee720000 - 0x00007ff9ee8f6000 	C:\WINDOWS\SYSTEM32\urlmon.dll
0x00007ff9efb00000 - 0x00007ff9efbf0000 	C:\WINDOWS\SYSTEM32\WINHTTP.dll
0x00007ff9eb210000 - 0x00007ff9eb4b6000 	C:\WINDOWS\SYSTEM32\iertutil.dll
0x00007ff9f73c0000 - 0x00007ff9f73cc000 	C:\WINDOWS\SYSTEM32\CRYPTBASE.DLL
0x00007ff9f71f0000 - 0x00007ff9f7257000 	C:\WINDOWS\system32\mswsock.dll
0x00007ff9ce6b0000 - 0x00007ff9ce6c3000 	E:\java\bin\nio.dll
0x00007ff9f2510000 - 0x00007ff9f25ae000 	C:\WINDOWS\System32\TextInputFramework.dll
0x00007ff9f5520000 - 0x00007ff9f55f4000 	C:\WINDOWS\System32\CoreMessaging.dll
0x00007ff9e0bd0000 - 0x00007ff9e0efa000 	C:\WINDOWS\System32\CoreUIComponents.dll
0x00007ff9f69b0000 - 0x00007ff9f69e1000 	C:\WINDOWS\SYSTEM32\ntmarta.dll
0x00007ff9f3570000 - 0x00007ff9f36c3000 	C:\WINDOWS\SYSTEM32\wintypes.dll

dbghelp: loaded successfully - version: 4.0.5 - missing functions: none
symbol engine: initialized successfully - sym options: 0x614 - pdb path: .;E:\java\bin;C:\WINDOWS\SYSTEM32;C:\WINDOWS\WinSxS\amd64_microsoft.windows.common-controls_6595b64144ccf1df_6.0.18362.592_none_e6c0b1911312be02;E:\java\bin\server

VM Arguments:
jvm_args: -Dfile.encoding=GBK 
java_command: GUI.Game
java_class_path (initial): E:\javawork\ÐÂÐÍ¹Ú×´²¡¶¾\bin
Launcher Type: SUN_STANDARD

[Global flags]
     intx CICompilerCount                          = 3                                         {product} {ergonomic}
     uint ConcGCThreads                            = 1                                         {product} {ergonomic}
     uint G1ConcRefinementThreads                  = 4                                         {product} {ergonomic}
   size_t G1HeapRegionSize                         = 1048576                                   {product} {ergonomic}
    uintx GCDrainStackTargetSize                   = 64                                        {product} {ergonomic}
   size_t InitialHeapSize                          = 134217728                                 {product} {ergonomic}
   size_t MarkStackSize                            = 4194304                                   {product} {ergonomic}
   size_t MaxHeapSize                              = 2122317824                                {product} {ergonomic}
   size_t MaxNewSize                               = 1272971264                                {product} {ergonomic}
   size_t MinHeapDeltaBytes                        = 1048576                                   {product} {ergonomic}
    uintx NonNMethodCodeHeapSize                   = 5830732                                {pd product} {ergonomic}
    uintx NonProfiledCodeHeapSize                  = 122913754                              {pd product} {ergonomic}
    uintx ProfiledCodeHeapSize                     = 122913754                              {pd product} {ergonomic}
    uintx ReservedCodeCacheSize                    = 251658240                              {pd product} {ergonomic}
     bool SegmentedCodeCache                       = true                                      {product} {ergonomic}
     bool UseCompressedClassPointers               = true                                 {lp64_product} {ergonomic}
     bool UseCompressedOops                        = true                                 {lp64_product} {ergonomic}
     bool UseG1GC                                  = true                                      {product} {ergonomic}
     bool UseLargePagesIndividualAllocation        = false                                  {pd product} {ergonomic}

Logging:
Log output configuration:
 #0: stdout all=warning uptime,level,tags
 #1: stderr all=off uptime,level,tags

Environment Variables:
JAVA_HOME=E:\java\
CLASSPATH=.;E:\java\\lib;E:\java\\lib\tools.jar
PATH=E:/java//bin/server;E:/java//bin;C:\Program Files (x86)\Intel\iCLS Client\;C:\Program Files\Intel\iCLS Client\;C:\Windows\system32;C:\Windows;C:\Windows\System32\Wbem;C:\Windows\System32\WindowsPowerShell\v1.0\;C:\Program Files (x86)\NVIDIA Corporation\PhysX\Common;C:\Program Files (x86)\Intel\Intel(R) Management Engine Components\DAL;C:\Program Files\Intel\Intel(R) Management Engine Components\DAL;C:\Program Files (x86)\Intel\Intel(R) Management Engine Components\IPT;C:\Program Files\Intel\Intel(R) Management Engine Components\IPT;C:\WINDOWS\system32;C:\WINDOWS;C:\WINDOWS\System32\Wbem;C:\WINDOWS\System32\WindowsPowerShell\v1.0\;C:\WINDOWS\System32\OpenSSH\;C:\Program Files\nodejs\;C:\Program Files\NVIDIA Corporation\NVIDIA NvDLISR;E:\java\\bin;E:\java\\jre\bin;C:\Program Files\TortoiseGit\bin;C:\Program Files\dotnet\;C:\Program Files\Microsoft SQL Server\130\Tools\Binn\;C:\Program Files (x86)\Windows Kits\10\Windows Performance Toolkit\;C:\WINDOWS\system32;C:\WINDOWS;C:\WINDOWS\System32\Wbem;C:\WINDOWS\System32\WindowsPowerShell\v1.0\;C:\WINDOWS\System32\OpenSSH\;C:\Users\14810\AppData\Local\Microsoft\WindowsApps;C:\Users\14810\AppData\Roaming\npm;E:\Microsoft VS Code\bin;;C:\Users\14810\Desktop;
USERNAME=14810
OS=Windows_NT
PROCESSOR_IDENTIFIER=Intel64 Family 6 Model 142 Stepping 9, GenuineIntel



---------------  S Y S T E M  ---------------

OS: Windows 10 , 64 bit Build 18362 (10.0.18362.329)

CPU:total 4 (initial active 4) (2 cores per cpu, 2 threads per core) family 6 model 142 stepping 9, cmov, cx8, fxsr, mmx, sse, sse2, sse3, ssse3, sse4.1, sse4.2, popcnt, avx, avx2, aes, clmul, erms, 3dnowpref, lzcnt, ht, tsc, tscinvbit, bmi1, bmi2, adx, fma

Memory: 4k page, system-wide physical 8094M (1416M free)
TotalPageFile size 32670M (AvailPageFile size 7M)
current process WorkingSet (physical memory assigned to process): 130M, peak: 132M
current process commit charge ("private bytes"): 205M, peak: 219M

vm_info: Java HotSpot(TM) 64-Bit Server VM (12.0.1+12) for windows-amd64 JRE (12.0.1+12), built on Apr  2 2019 14:02:19 by "mach5one" with MS VC++ 15.5 (VS2017)

END.
